2025-05-13 07:47:45,891 - src.common.app_logging.app_logger - INFO - HyperParamsManager initialized | Context: {'storage_dir': 'E:\\OneDrive\\nba_analysis_project\\src/hyperparameter_history'}
2025-05-13 07:47:45,891 - src.common.app_logging.app_logger - INFO - SKLearnTrainer initialized successfully | Context: {'trainer_type': 'SKLearnTrainer', 'model_type': None}
2025-05-13 07:47:45,892 - src.common.app_logging.app_logger - INFO - CatBoostTrainer initialized successfully | Context: {'trainer_type': 'CatBoostTrainer'}
2025-05-13 07:47:45,892 - src.common.app_logging.app_logger - INFO - LightGBMTrainer initialized successfully | Context: {'trainer_type': 'LightGBMTrainer'}
2025-05-13 07:47:45,892 - src.common.app_logging.app_logger - INFO - XGBoostTrainer initialized successfully | Context: {'trainer_type': 'XGBoostTrainer'}
2025-05-13 07:47:45,892 - src.common.app_logging.app_logger - INFO - SKLearnTrainer initialized successfully | Context: {'trainer_type': 'SKLearnTrainer', 'model_type': None}
2025-05-13 07:47:45,893 - src.common.app_logging.app_logger - INFO - ModularPreprocessor initialized | Context: {}
2025-05-13 07:47:45,893 - src.common.app_logging.app_logger - INFO - FeatureCharts initialized | Context: {}
2025-05-13 07:47:45,893 - src.common.app_logging.app_logger - INFO - MetricsCharts initialized | Context: {}
2025-05-13 07:47:45,893 - src.common.app_logging.app_logger - INFO - LearningCurveCharts initialized | Context: {}
2025-05-13 07:47:45,893 - src.common.app_logging.app_logger - INFO - SHAPCharts initialized | Context: {}
2025-05-13 07:47:45,894 - src.common.app_logging.app_logger - INFO - ModelInterpretationCharts initialized | Context: {}
2025-05-13 07:47:45,894 - src.common.app_logging.app_logger - INFO - ChartOrchestrator initialized | Context: {'active_charts': [<ChartType.FEATURE: 1>, <ChartType.METRICS: 2>, <ChartType.LEARNING_CURVE: 3>, <ChartType.SHAP: 4>, <ChartType.MODEL_INTERPRETATION: 5>]}
2025-05-13 07:47:45,894 - src.common.app_logging.app_logger - INFO - ModelTester initialized | Context: {'config_type': 'ConfigManager', 'available_trainers': ['SKLEARN', 'CATBOOST', 'LIGHTGBM', 'XGBOOST']}
2025-05-13 07:47:45,894 - src.common.app_logging.app_logger - INFO - OptunaOptimizer initialized | Context: {}
2025-05-13 07:47:45,895 - src.common.app_logging.app_logger - INFO - Creating experiment logger | Context: {'logger_type': 'MLFLOW'}
2025-05-13 07:47:45,915 - src.common.app_logging.app_logger - INFO - MLflow logger initialized | Context: {'tracking_uri': 'None', 'experiment_name': None}
2025-05-13 07:47:45,916 - src.common.app_logging.app_logger - ERROR - Model testing failed | Context: {'error_type': 'ModelTestingError', 'error_message': "'CSVDataAccess' object has no attribute 'load_data'", 'traceback': 'Traceback (most recent call last):\n  File "E:\\OneDrive\\nba_analysis_project\\src\\model_testing\\main.py", line 48, in main\n    training_data = data_access.load_data(config.training_data_path)\n                    ^^^^^^^^^^^^^^^^^^^^^\nAttributeError: \'CSVDataAccess\' object has no attribute \'load_data\'\n'}
2025-05-14 07:11:42,648 - src.common.app_logging.app_logger - INFO - HyperParamsManager initialized | Context: {'storage_dir': 'E:\\OneDrive\\nba_analysis_project\\src/hyperparameter_history'}
2025-05-14 07:11:42,648 - src.common.app_logging.app_logger - INFO - SKLearnTrainer initialized successfully | Context: {'trainer_type': 'SKLearnTrainer', 'model_type': None}
2025-05-14 07:11:42,648 - src.common.app_logging.app_logger - INFO - CatBoostTrainer initialized successfully | Context: {'trainer_type': 'CatBoostTrainer'}
2025-05-14 07:11:42,649 - src.common.app_logging.app_logger - INFO - LightGBMTrainer initialized successfully | Context: {'trainer_type': 'LightGBMTrainer'}
2025-05-14 07:11:42,649 - src.common.app_logging.app_logger - INFO - XGBoostTrainer initialized successfully | Context: {'trainer_type': 'XGBoostTrainer'}
2025-05-14 07:11:42,649 - src.common.app_logging.app_logger - INFO - SKLearnTrainer initialized successfully | Context: {'trainer_type': 'SKLearnTrainer', 'model_type': None}
2025-05-14 07:11:42,649 - src.common.app_logging.app_logger - INFO - ModularPreprocessor initialized | Context: {}
2025-05-14 07:11:42,649 - src.common.app_logging.app_logger - INFO - FeatureCharts initialized | Context: {}
2025-05-14 07:11:42,649 - src.common.app_logging.app_logger - INFO - MetricsCharts initialized | Context: {}
2025-05-14 07:11:42,649 - src.common.app_logging.app_logger - INFO - LearningCurveCharts initialized | Context: {}
2025-05-14 07:11:42,650 - src.common.app_logging.app_logger - INFO - SHAPCharts initialized | Context: {}
2025-05-14 07:11:42,650 - src.common.app_logging.app_logger - INFO - ModelInterpretationCharts initialized | Context: {}
2025-05-14 07:11:42,650 - src.common.app_logging.app_logger - INFO - ChartOrchestrator initialized | Context: {'active_charts': [<ChartType.FEATURE: 1>, <ChartType.METRICS: 2>, <ChartType.LEARNING_CURVE: 3>, <ChartType.SHAP: 4>, <ChartType.MODEL_INTERPRETATION: 5>]}
2025-05-14 07:11:42,650 - src.common.app_logging.app_logger - INFO - ModelTester initialized | Context: {'config_type': 'ConfigManager', 'available_trainers': ['SKLEARN', 'CATBOOST', 'LIGHTGBM', 'XGBOOST']}
2025-05-14 07:11:42,650 - src.common.app_logging.app_logger - INFO - OptunaOptimizer initialized | Context: {}
2025-05-14 07:11:42,650 - src.common.app_logging.app_logger - INFO - Creating experiment logger | Context: {'logger_type': 'MLFLOW'}
2025-05-14 07:11:42,656 - src.common.app_logging.app_logger - INFO - MLflow logger initialized | Context: {'tracking_uri': 'None', 'experiment_name': None}
2025-05-14 07:11:42,656 - src.common.app_logging.app_logger - INFO - Getting load directory | Context: {'cumulative': True, 'file_name': 'training_data.csv'}
2025-05-14 07:11:45,834 - src.common.app_logging.app_logger - INFO - Data loaded successfully | Context: {'dataframe_count': 20549, 'file_path': 'data\\training\\training_data.csv'}
2025-05-14 07:11:45,835 - src.common.app_logging.app_logger - INFO - Function load_dataframe completed | Context: {'duration_seconds': 3.1790013313293457, 'status': 'success'}
2025-05-14 07:11:45,835 - src.common.app_logging.app_logger - INFO - Getting load directory | Context: {'cumulative': True, 'file_name': 'validation_data.csv'}
2025-05-14 07:11:46,051 - src.common.app_logging.app_logger - INFO - Data loaded successfully | Context: {'dataframe_count': 954, 'file_path': 'data\\training\\validation_data.csv'}
2025-05-14 07:11:46,051 - src.common.app_logging.app_logger - INFO - Function load_dataframe completed | Context: {'duration_seconds': 0.21576952934265137, 'status': 'success'}
2025-05-14 07:11:46,052 - src.common.app_logging.app_logger - ERROR - Model testing failed | Context: {'error_type': 'ModelTestingError', 'error_message': "'DataValidator' object has no attribute 'validate_data'", 'traceback': 'Traceback (most recent call last):\n  File "E:\\OneDrive\\nba_analysis_project\\src\\model_testing\\main.py", line 51, in main\n    data_validator.validate_data(training_data)\n    ^^^^^^^^^^^^^^^^^^^^^^^^^^^^\nAttributeError: \'DataValidator\' object has no attribute \'validate_data\'\n'}
2025-05-14 07:14:32,047 - src.common.app_logging.app_logger - INFO - HyperParamsManager initialized | Context: {'storage_dir': 'E:\\OneDrive\\nba_analysis_project\\src/hyperparameter_history'}
2025-05-14 07:14:32,047 - src.common.app_logging.app_logger - INFO - SKLearnTrainer initialized successfully | Context: {'trainer_type': 'SKLearnTrainer', 'model_type': None}
2025-05-14 07:14:32,048 - src.common.app_logging.app_logger - INFO - CatBoostTrainer initialized successfully | Context: {'trainer_type': 'CatBoostTrainer'}
2025-05-14 07:14:32,048 - src.common.app_logging.app_logger - INFO - LightGBMTrainer initialized successfully | Context: {'trainer_type': 'LightGBMTrainer'}
2025-05-14 07:14:32,048 - src.common.app_logging.app_logger - INFO - XGBoostTrainer initialized successfully | Context: {'trainer_type': 'XGBoostTrainer'}
2025-05-14 07:14:32,048 - src.common.app_logging.app_logger - INFO - SKLearnTrainer initialized successfully | Context: {'trainer_type': 'SKLearnTrainer', 'model_type': None}
2025-05-14 07:14:32,049 - src.common.app_logging.app_logger - INFO - ModularPreprocessor initialized | Context: {}
2025-05-14 07:14:32,049 - src.common.app_logging.app_logger - INFO - FeatureCharts initialized | Context: {}
2025-05-14 07:14:32,049 - src.common.app_logging.app_logger - INFO - MetricsCharts initialized | Context: {}
2025-05-14 07:14:32,049 - src.common.app_logging.app_logger - INFO - LearningCurveCharts initialized | Context: {}
2025-05-14 07:14:32,049 - src.common.app_logging.app_logger - INFO - SHAPCharts initialized | Context: {}
2025-05-14 07:14:32,049 - src.common.app_logging.app_logger - INFO - ModelInterpretationCharts initialized | Context: {}
2025-05-14 07:14:32,050 - src.common.app_logging.app_logger - INFO - ChartOrchestrator initialized | Context: {'active_charts': [<ChartType.FEATURE: 1>, <ChartType.METRICS: 2>, <ChartType.LEARNING_CURVE: 3>, <ChartType.SHAP: 4>, <ChartType.MODEL_INTERPRETATION: 5>]}
2025-05-14 07:14:32,050 - src.common.app_logging.app_logger - INFO - ModelTester initialized | Context: {'config_type': 'ConfigManager', 'available_trainers': ['SKLEARN', 'CATBOOST', 'LIGHTGBM', 'XGBOOST']}
2025-05-14 07:14:32,050 - src.common.app_logging.app_logger - INFO - OptunaOptimizer initialized | Context: {}
2025-05-14 07:14:32,050 - src.common.app_logging.app_logger - INFO - Creating experiment logger | Context: {'logger_type': 'MLFLOW'}
2025-05-14 07:14:32,057 - src.common.app_logging.app_logger - INFO - MLflow logger initialized | Context: {'tracking_uri': 'None', 'experiment_name': None}
2025-05-14 07:14:32,057 - src.common.app_logging.app_logger - INFO - Getting load directory | Context: {'cumulative': True, 'file_name': 'training_data.csv'}
2025-05-14 07:14:35,115 - src.common.app_logging.app_logger - INFO - Data loaded successfully | Context: {'dataframe_count': 20549, 'file_path': 'data\\training\\training_data.csv'}
2025-05-14 07:14:35,116 - src.common.app_logging.app_logger - INFO - Function load_dataframe completed | Context: {'duration_seconds': 3.059095859527588, 'status': 'success'}
2025-05-14 07:14:35,116 - src.common.app_logging.app_logger - INFO - Getting load directory | Context: {'cumulative': True, 'file_name': 'validation_data.csv'}
2025-05-14 07:14:35,277 - src.common.app_logging.app_logger - INFO - Data loaded successfully | Context: {'dataframe_count': 954, 'file_path': 'data\\training\\validation_data.csv'}
2025-05-14 07:14:35,278 - src.common.app_logging.app_logger - INFO - Function load_dataframe completed | Context: {'duration_seconds': 0.16100001335144043, 'status': 'success'}
2025-05-14 07:14:35,278 - src.common.app_logging.app_logger - INFO - Starting validation of processed dataframe training_data.csv | Context: {}
2025-05-14 07:14:35,278 - src.common.app_logging.app_logger - INFO - Checking training_data.csv for nulls and duplicates | Context: {}
2025-05-14 07:14:35,874 - src.common.app_logging.app_logger - WARNING - Dataframe training_data.csv has null values | Context: {}
2025-05-14 07:14:35,874 - src.common.app_logging.app_logger - ERROR - Dataframe training_data.csv failed validation | Context: {'error_type': 'DataValidationError', 'file_name': 'training_data.csv'}
2025-05-14 07:14:35,874 - src.common.app_logging.app_logger - ERROR - Error in processed dataframe validation: Dataframe training_data.csv failed validation | Context: {'error_type': 'DataProcessingError', 'original_error': 'Dataframe training_data.csv failed validation'}
2025-05-14 07:14:35,874 - src.common.app_logging.app_logger - ERROR - Function validate_processed_dataframe failed | Context: {'duration_seconds': 0.5960090160369873, 'status': 'error', 'error_type': 'DataProcessingError', 'error_message': 'Error in processed dataframe validation: Dataframe training_data.csv failed validation'}
2025-05-14 07:14:35,876 - src.common.app_logging.app_logger - ERROR - Model testing failed | Context: {'error_type': 'ModelTestingError', 'error_message': 'Error in processed dataframe validation: Dataframe training_data.csv failed validation', 'traceback': 'Traceback (most recent call last):\n  File "E:\\OneDrive\\nba_analysis_project\\src\\common\\data_validation\\data_validator.py", line 131, in validate_processed_dataframe\n    raise self.error_handler.create_error_handler(\nsrc.common.error_handling.error_handler.DataValidationError: Dataframe training_data.csv failed validation\n\nDuring handling of the above exception, another exception occurred:\n\nTraceback (most recent call last):\n  File "E:\\OneDrive\\nba_analysis_project\\src\\model_testing\\main.py", line 51, in main\n    data_validator.validate_processed_dataframe(training_data, config.training_data_file)\n  File "E:\\OneDrive\\nba_analysis_project\\src\\common\\data_validation\\data_validator.py", line 42, in wrapper\n    return instance.app_logger.log_performance(func)(*args, **kwargs)\n           ^^^^^^^^^^^^^^^^^^^^^^^^^^^^^^^^^^^^^^^^^^^^^^^^^^^^^^^^^^\n  File "E:\\OneDrive\\nba_analysis_project\\src\\common\\app_logging\\app_logger.py", line 104, in wrapper\n    result = func(*args, **kwargs)\n             ^^^^^^^^^^^^^^^^^^^^^\n  File "E:\\OneDrive\\nba_analysis_project\\src\\common\\data_validation\\data_validator.py", line 150, in validate_processed_dataframe\n    raise self.error_handler.create_error_handler(\nsrc.common.error_handling.error_handler.DataProcessingError: Error in processed dataframe validation: Dataframe training_data.csv failed validation\n'}
2025-05-14 07:28:32,720 - src.common.app_logging.app_logger - INFO - HyperParamsManager initialized | Context: {'storage_dir': 'E:\\OneDrive\\nba_analysis_project\\src/hyperparameter_history'}
2025-05-14 07:28:32,721 - src.common.app_logging.app_logger - INFO - SKLearnTrainer initialized successfully | Context: {'trainer_type': 'SKLearnTrainer', 'model_type': None}
2025-05-14 07:28:32,721 - src.common.app_logging.app_logger - INFO - CatBoostTrainer initialized successfully | Context: {'trainer_type': 'CatBoostTrainer'}
2025-05-14 07:28:32,721 - src.common.app_logging.app_logger - INFO - LightGBMTrainer initialized successfully | Context: {'trainer_type': 'LightGBMTrainer'}
2025-05-14 07:28:32,722 - src.common.app_logging.app_logger - INFO - XGBoostTrainer initialized successfully | Context: {'trainer_type': 'XGBoostTrainer'}
2025-05-14 07:28:32,722 - src.common.app_logging.app_logger - INFO - SKLearnTrainer initialized successfully | Context: {'trainer_type': 'SKLearnTrainer', 'model_type': None}
2025-05-14 07:28:32,722 - src.common.app_logging.app_logger - INFO - ModularPreprocessor initialized | Context: {}
2025-05-14 07:28:32,722 - src.common.app_logging.app_logger - INFO - FeatureCharts initialized | Context: {}
2025-05-14 07:28:32,723 - src.common.app_logging.app_logger - INFO - MetricsCharts initialized | Context: {}
2025-05-14 07:28:32,723 - src.common.app_logging.app_logger - INFO - LearningCurveCharts initialized | Context: {}
2025-05-14 07:28:32,723 - src.common.app_logging.app_logger - INFO - SHAPCharts initialized | Context: {}
2025-05-14 07:28:32,723 - src.common.app_logging.app_logger - INFO - ModelInterpretationCharts initialized | Context: {}
2025-05-14 07:28:32,723 - src.common.app_logging.app_logger - INFO - ChartOrchestrator initialized | Context: {'active_charts': [<ChartType.FEATURE: 1>, <ChartType.METRICS: 2>, <ChartType.LEARNING_CURVE: 3>, <ChartType.SHAP: 4>, <ChartType.MODEL_INTERPRETATION: 5>]}
2025-05-14 07:28:32,724 - src.common.app_logging.app_logger - INFO - ModelTester initialized | Context: {'config_type': 'ConfigManager', 'available_trainers': ['SKLEARN', 'CATBOOST', 'LIGHTGBM', 'XGBOOST']}
2025-05-14 07:28:32,724 - src.common.app_logging.app_logger - INFO - OptunaOptimizer initialized | Context: {}
2025-05-14 07:28:32,724 - src.common.app_logging.app_logger - INFO - Creating experiment logger | Context: {'logger_type': 'MLFLOW'}
2025-05-14 07:28:32,730 - src.common.app_logging.app_logger - INFO - MLflow logger initialized | Context: {'tracking_uri': 'None', 'experiment_name': None}
2025-05-14 07:28:32,730 - src.common.app_logging.app_logger - INFO - Getting load directory | Context: {'cumulative': True, 'file_name': 'training_data.csv'}
2025-05-14 07:28:35,826 - src.common.app_logging.app_logger - INFO - Data loaded successfully | Context: {'dataframe_count': 20549, 'file_path': 'data\\training\\training_data.csv'}
2025-05-14 07:28:35,827 - src.common.app_logging.app_logger - INFO - Function load_dataframe completed | Context: {'duration_seconds': 3.097052812576294, 'status': 'success'}
2025-05-14 07:28:35,827 - src.common.app_logging.app_logger - INFO - Getting load directory | Context: {'cumulative': True, 'file_name': 'validation_data.csv'}
2025-05-14 07:28:35,992 - src.common.app_logging.app_logger - INFO - Data loaded successfully | Context: {'dataframe_count': 954, 'file_path': 'data\\training\\validation_data.csv'}
2025-05-14 07:28:35,992 - src.common.app_logging.app_logger - INFO - Function load_dataframe completed | Context: {'duration_seconds': 0.16440057754516602, 'status': 'success'}
2025-05-14 07:28:35,993 - src.common.app_logging.app_logger - INFO - Data loaded and validated | Context: {'training_shape': (20549, 2263), 'validation_shape': (954, 2263)}
2025-05-14 07:28:35,993 - src.common.app_logging.app_logger - INFO - Processing model: SKLearn_HistGradientBoosting | Context: {'model_name': 'SKLearn_HistGradientBoosting'}
2025-05-14 07:28:36,041 - src.common.app_logging.app_logger - INFO - Starting data preparation | Context: {'input_shape': (20549, 2263), 'is_training': True}
2025-05-14 07:28:36,042 - src.common.app_logging.app_logger - INFO - Function _get_model_config completed | Context: {'duration_seconds': 0.0, 'status': 'success'}
2025-05-14 07:28:36,042 - src.common.app_logging.app_logger - INFO - Function _get_model_config completed | Context: {'duration_seconds': 0.0, 'status': 'success'}
2025-05-14 07:28:36,238 - src.common.app_logging.app_logger - INFO - Function _get_model_config completed | Context: {'duration_seconds': 0.0, 'status': 'success'}
2025-05-14 07:28:36,279 - src.common.app_logging.app_logger - INFO - Starting memory footprint reduction | Context: {'input_shape': (20549, 2261), 'input_memory': 371.854704}
2025-05-14 07:28:36,892 - src.common.app_logging.app_logger - INFO - Memory footprint reduction completed | Context: {'output_shape': (20549, 2261), 'output_memory': 185.310882}
2025-05-14 07:28:36,893 - src.common.app_logging.app_logger - INFO - Function _reduce_memory_footprint completed | Context: {'duration_seconds': 0.6549990177154541, 'status': 'success'}
2025-05-14 07:28:36,893 - src.common.app_logging.app_logger - INFO - Data preparation completed | Context: {'output_shape': (20549, 2261)}
2025-05-14 07:28:36,900 - src.common.app_logging.app_logger - INFO - Function prepare_data completed | Context: {'duration_seconds': 0.8589992523193359, 'status': 'success'}
2025-05-14 07:28:36,909 - src.common.app_logging.app_logger - INFO - Starting data preparation | Context: {'input_shape': (954, 2263), 'is_training': False}
2025-05-14 07:28:36,909 - src.common.app_logging.app_logger - INFO - Function _get_model_config completed | Context: {'duration_seconds': 0.0, 'status': 'success'}
2025-05-14 07:28:36,909 - src.common.app_logging.app_logger - INFO - Function _get_model_config completed | Context: {'duration_seconds': 0.0, 'status': 'success'}
2025-05-14 07:28:36,920 - src.common.app_logging.app_logger - INFO - Function _get_model_config completed | Context: {'duration_seconds': 0.0, 'status': 'success'}
2025-05-14 07:28:36,944 - src.common.app_logging.app_logger - INFO - Starting memory footprint reduction | Context: {'input_shape': (954, 2261), 'input_memory': 17.263584}
2025-05-14 07:28:37,238 - src.common.app_logging.app_logger - INFO - Memory footprint reduction completed | Context: {'output_shape': (954, 2261), 'output_memory': 8.603172}
2025-05-14 07:28:37,238 - src.common.app_logging.app_logger - INFO - Function _reduce_memory_footprint completed | Context: {'duration_seconds': 0.3171360492706299, 'status': 'success'}
2025-05-14 07:28:37,239 - src.common.app_logging.app_logger - INFO - Data preparation completed | Context: {'output_shape': (954, 2261)}
2025-05-14 07:28:37,240 - src.common.app_logging.app_logger - INFO - Function prepare_data completed | Context: {'duration_seconds': 0.33113741874694824, 'status': 'success'}
2025-05-14 07:28:37,243 - src.common.app_logging.app_logger - ERROR - Error processing model SKLearn_HistGradientBoosting | Context: {'error': "'ConfigManager' object has no attribute 'perform_hyperparameter_optimization'", 'traceback': 'Traceback (most recent call last):\n  File "E:\\OneDrive\\nba_analysis_project\\src\\model_testing\\main.py", line 72, in main\n    model_results = process_single_model(\n                    ^^^^^^^^^^^^^^^^^^^^^\n  File "E:\\OneDrive\\nba_analysis_project\\src\\model_testing\\main.py", line 168, in process_single_model\n    if config.perform_hyperparameter_optimization:\n       ^^^^^^^^^^^^^^^^^^^^^^^^^^^^^^^^^^^^^^^^^^\nAttributeError: \'ConfigManager\' object has no attribute \'perform_hyperparameter_optimization\'\n'}
2025-05-14 07:28:37,245 - src.common.app_logging.app_logger - ERROR - Model testing failed | Context: {'error_type': 'ModelTestingError', 'error_message': "'ConfigManager' object has no attribute 'continue_on_model_error'", 'traceback': 'Traceback (most recent call last):\n  File "E:\\OneDrive\\nba_analysis_project\\src\\model_testing\\main.py", line 72, in main\n    model_results = process_single_model(\n                    ^^^^^^^^^^^^^^^^^^^^^\n  File "E:\\OneDrive\\nba_analysis_project\\src\\model_testing\\main.py", line 168, in process_single_model\n    if config.perform_hyperparameter_optimization:\n       ^^^^^^^^^^^^^^^^^^^^^^^^^^^^^^^^^^^^^^^^^^\nAttributeError: \'ConfigManager\' object has no attribute \'perform_hyperparameter_optimization\'\n\nDuring handling of the above exception, another exception occurred:\n\nTraceback (most recent call last):\n  File "E:\\OneDrive\\nba_analysis_project\\src\\model_testing\\main.py", line 94, in main\n    if not config.continue_on_model_error:\n           ^^^^^^^^^^^^^^^^^^^^^^^^^^^^^^\nAttributeError: \'ConfigManager\' object has no attribute \'continue_on_model_error\'\n'}
